[INFO] 2026-01-09 11:03:44 - >>> 시스템 초기화 시작: DB 서버 접속 중...
[INFO] 2026-01-09 11:03:44 - >>> 권한 검사 수행 중 (SHOW GRANTS)...
[INFO] 2026-01-09 11:03:44 - [Grant Check] GRANT ALL PRIVILEGES ON *.* TO `rl`@`%` IDENTIFIED BY PASSWORD '*5ADEB5B2D6B3373F856DC3C959CD30227CA329F8'
[INFO] 2026-01-09 11:03:44 - >>> 권한 확인 완료: CREATE 권한 식별됨.
[INFO] 2026-01-09 11:03:44 - >>> 데이터베이스 프로비저닝: reed_news
[INFO] 2026-01-09 11:03:44 - >>> 테이블 스키마 검증 및 생성
[INFO] 2026-01-09 11:03:44 - >>> 인프라 준비 완료.
[INFO] 2026-01-09 11:03:44 - >>> RSS 데이터 요청: http://www.boannews.com/media/news_rss.xml
[ERROR] 2026-01-09 11:03:44 - 수집 프로세스 에러: multi-byte encodings are not supported
[INFO] 2026-01-09 11:03:44 - >>> 시스템 종료 (Shutdown).
[INFO] 2026-01-09 12:25:29 - >>> System Initializing: Connecting to MariaDB server...
[INFO] 2026-01-09 12:25:29 - >>> Checking JOBs: Checking permissions to create database and tables...
[INFO] 2026-01-09 12:25:29 - [Grant Check] GRANT ALL PRIVILEGES ON *.* TO `rl`@`%` IDENTIFIED BY PASSWORD '*5ADEB5B2D6B3373F856DC3C959CD30227CA329F8'
[INFO] 2026-01-09 12:25:29 - >>> Permission Granted: User has CREATE privileges.
[INFO] 2026-01-09 12:25:29 - >>> Creating Database if not exists: read_news...
[INFO] 2026-01-09 12:25:29 - >>> Checking Table schema and Creating if not exists...
[INFO] 2026-01-09 12:25:29 - >>> Infrastructure Initialization Completed Successfully.
[INFO] 2026-01-09 12:25:29 - >>> Collecting news from RSS feed: http://www.boannews.com/media/news_rss.xml...
[INFO] 2026-01-09 12:25:29 - >>> Processing 10 items from RSS feed...
[INFO] 2026-01-09 12:25:29 - >>> News Collection Completed: 0 new articles added and 10 Scan Finished.
[INFO] 2026-01-09 12:25:29 - >>> Database connection closed. Program finished.
