[INFO] 2026-01-09 13:41:20 - >>> System Initializing: Connecting to MariaDB server...
[INFO] 2026-01-09 13:41:20 - >>> Checking JOBs: Checking permissions to create database and tables...
[INFO] 2026-01-09 13:41:20 - [Grant Check] GRANT ALL PRIVILEGES ON *.* TO `rl`@`%` IDENTIFIED BY PASSWORD '*5ADEB5B2D6B3373F856DC3C959CD30227CA329F8'
[INFO] 2026-01-09 13:41:20 - >>> Permission Granted: User has CREATE privileges.
[INFO] 2026-01-09 13:41:20 - >>> Creating Database if not exists: read_news...
[INFO] 2026-01-09 13:41:20 - >>> Checking Table schema and Creating if not exists...
[INFO] 2026-01-09 13:41:20 - >>> Infrastructure Initialization Completed Successfully.
[INFO] 2026-01-09 13:41:20 - >>> Collecting news from RSS feed: http://www.boannews.com/media/news_rss.xml...
[INFO] 2026-01-09 13:41:20 - >>> Processing 10 items from RSS feed...
[INFO] 2026-01-09 13:41:20 - >>> News Collection Completed: 0 new articles added and 10 Scan Finished.
[INFO] 2026-01-09 13:41:20 - >>> Database connection closed. Program finished.
[INFO] 2026-01-09 17:50:46 - >>> System Initializing: Connecting to MariaDB server...
[INFO] 2026-01-09 17:50:46 - >>> Checking JOBs: Checking permissions to create database and tables...
[INFO] 2026-01-09 17:50:46 - [Grant Check] GRANT ALL PRIVILEGES ON *.* TO `rl`@`%` IDENTIFIED BY PASSWORD '*5ADEB5B2D6B3373F856DC3C959CD30227CA329F8'
[INFO] 2026-01-09 17:50:46 - >>> Permission Granted: User has CREATE privileges.
[INFO] 2026-01-09 17:50:46 - >>> Creating Database if not exists: read_news...
[INFO] 2026-01-09 17:50:46 - >>> Checking Table schema and Creating if not exists...
[INFO] 2026-01-09 17:50:46 - >>> Infrastructure Initialization Completed Successfully.
[INFO] 2026-01-09 17:50:46 - >>> Collecting news from RSS feed: http://www.boannews.com/media/news_rss.xml...
[INFO] 2026-01-09 17:50:46 - >>> Processing 10 items from RSS feed...
[INFO] 2026-01-09 17:50:46 - >>> News Collection Completed: 0 new articles added and 10 Scan Finished.
[INFO] 2026-01-09 17:50:46 - >>> Database connection closed. Program finished.
2026/01/15 17:19:16 collector.go:37: >>> 뉴스 수집 시작...
2026/01/15 17:19:17 collector.go:79: >>> 신규 수집:  지재처, ‘2026 WIPO 글로벌 어워즈’ 접수 시작 
2026/01/15 17:19:17 collector.go:79: >>> 신규 수집:  ‘AI특허 심사실무 가이드’ 나왔다...지재처, 개정·배포 
2026/01/15 17:19:17 collector.go:83: >>> 수집 완료: 신규 2건 / 전체 10건 스캔
2026/01/15 17:19:17 main.go:25: >>> 프로그램 정상 종료.
2026/01/15 17:21:17 collector.go:38: >>> 뉴스 수집 시작...
2026/01/15 17:21:17 collector.go:80: >>> 신규 수집:  지재처, ‘2026 WIPO 글로벌 어워즈’ 접수 시작 
2026/01/15 17:21:17 collector.go:80: >>> 신규 수집:  ‘AI특허 심사실무 가이드’ 나왔다...지재처, 개정·배포 
2026/01/15 17:21:17 collector.go:84: >>> 수집 완료: 신규 2건 / 전체 10건 스캔
2026/01/15 17:21:17 main.go:25: >>> 프로그램 정상 종료.
